Watching for file changes with StatReloader
Performing system checks...

System check identified some issues:

WARNINGS:
todos.Todo: (models.W042) Auto-created primary key used when not defining a primary key type, by default 'django.db.models.AutoField'.
	HINT: Configure the DEFAULT_AUTO_FIELD setting or the TodosConfig.default_auto_field attribute to point to a subclass of AutoField, e.g. 'django.db.models.BigAutoField'.

System check identified 1 issue (0 silenced).
March 22, 2024 - 14:35:37
Django version 4.2.11, using settings 'todoApp.settings'
Starting development server at http://0.0.0.0:8001/
Quit the server with CONTROL-C.

[22/Mar/2024 14:38:32] "GET /todos/ HTTP/1.1" 200 4099
[22/Mar/2024 14:38:39] "GET /todos/ HTTP/1.1" 200 4099
[22/Mar/2024 14:38:50] "GET /todos/ HTTP/1.1" 200 4099
[22/Mar/2024 14:38:51] "GET /todos/ HTTP/1.1" 200 4099
[22/Mar/2024 14:38:51] "GET /todos/ HTTP/1.1" 200 4099
[22/Mar/2024 14:38:51] "GET /todos/ HTTP/1.1" 200 4099
[22/Mar/2024 14:38:52] "GET /todos/ HTTP/1.1" 200 4099
[22/Mar/2024 14:38:52] "GET /todos/ HTTP/1.1" 200 4099
[22/Mar/2024 14:38:52] "GET /todos/ HTTP/1.1" 200 4099
[22/Mar/2024 14:38:52] "GET /todos/ HTTP/1.1" 200 4099
[22/Mar/2024 14:38:52] "GET /todos/ HTTP/1.1" 200 4099
[22/Mar/2024 14:38:53] "GET /todos/ HTTP/1.1" 200 4099
[22/Mar/2024 14:38:53] "GET /todos/ HTTP/1.1" 200 4099
[22/Mar/2024 14:38:53] "GET /todos/ HTTP/1.1" 200 4099
[22/Mar/2024 14:38:53] "GET /todos/ HTTP/1.1" 200 4099
[22/Mar/2024 14:38:53] "GET /todos/ HTTP/1.1" 200 4099
[22/Mar/2024 14:38:54] "GET /todos/ HTTP/1.1" 200 4099
[22/Mar/2024 14:38:54] "GET /todos/ HTTP/1.1" 200 4099
[22/Mar/2024 14:38:54] "GET /todos/ HTTP/1.1" 200 4099
[22/Mar/2024 14:38:54] "GET /todos/ HTTP/1.1" 200 4099
[22/Mar/2024 14:38:54] "GET /todos/ HTTP/1.1" 200 4099
[22/Mar/2024 14:38:55] "GET /todos/ HTTP/1.1" 200 4099
[22/Mar/2024 14:39:00] "GET /todos/ HTTP/1.1" 200 4099
[22/Mar/2024 14:39:01] "GET /todos/ HTTP/1.1" 200 4099
[22/Mar/2024 14:39:02] "GET /todos/ HTTP/1.1" 200 4099
[22/Mar/2024 14:39:02] "GET /todos/ HTTP/1.1" 200 4099
[22/Mar/2024 14:39:02] "GET /todos/ HTTP/1.1" 200 4099
[22/Mar/2024 14:39:02] "GET /todos/ HTTP/1.1" 200 4099
[22/Mar/2024 14:39:03] "GET /todos/ HTTP/1.1" 200 4099
[22/Mar/2024 14:39:03] "GET /todos/ HTTP/1.1" 200 4099
[22/Mar/2024 14:39:03] "GET /todos/ HTTP/1.1" 200 4099
Watching for file changes with StatReloader
Performing system checks...

System check identified some issues:

WARNINGS:
todos.Todo: (models.W042) Auto-created primary key used when not defining a primary key type, by default 'django.db.models.AutoField'.
	HINT: Configure the DEFAULT_AUTO_FIELD setting or the TodosConfig.default_auto_field attribute to point to a subclass of AutoField, e.g. 'django.db.models.BigAutoField'.

System check identified 1 issue (0 silenced).
May 02, 2024 - 15:55:48
Django version 4.2.11, using settings 'todoApp.settings'
Starting development server at http://0.0.0.0:80/
Quit the server with CONTROL-C.

